<?xml version="1.0" encoding="UTF-8"?>
<testsuite name="com.daelim.springtest.SpringTestApplicationTests" tests="1" skipped="0" failures="0" errors="0" timestamp="2024-04-24T05:46:10" hostname="전산J0506-25" time="0.673">
  <properties/>
  <testcase name="contextLoads()" classname="com.daelim.springtest.SpringTestApplicationTests" time="0.673"/>
  <system-out><![CDATA[14:46:07.711 [Test worker] INFO org.springframework.test.context.support.AnnotationConfigContextLoaderUtils -- Could not detect default configuration classes for test class [com.daelim.springtest.SpringTestApplicationTests]: SpringTestApplicationTests does not declare any static, non-private, non-final, nested classes annotated with @Configuration.
14:46:07.814 [Test worker] INFO org.springframework.boot.test.context.SpringBootTestContextBootstrapper -- Found @SpringBootConfiguration com.daelim.springtest.SpringTestApplication for test class com.daelim.springtest.SpringTestApplicationTests

  .   ____          _            __ _ _
 /\\ / ___'_ __ _ _(_)_ __  __ _ \ \ \ \
( ( )\___ | '_ | '_| | '_ \/ _` | \ \ \ \
 \\/  ___)| |_)| | | | | || (_| |  ) ) ) )
  '  |____| .__|_| |_|_| |_\__, | / / / /
 =========|_|==============|___/=/_/_/_/
 :: Spring Boot ::                (v3.2.3)

2024-04-24T14:46:08.297+09:00  INFO 11220 --- [api-graphql-test] [    Test worker] c.d.s.SpringTestApplicationTests         : Starting SpringTestApplicationTests using Java 17.0.10 with PID 11220 (started by user in C:\Users\user\Project\Kotlin_test0001)
2024-04-24T14:46:08.299+09:00  INFO 11220 --- [api-graphql-test] [    Test worker] c.d.s.SpringTestApplicationTests         : No active profile set, falling back to 1 default profile: "default"
2024-04-24T14:46:09.817+09:00  INFO 11220 --- [api-graphql-test] [    Test worker] efaultSchemaResourceGraphQlSourceBuilder : Loaded 1 resource(s) in the GraphQL schema.
2024-04-24T14:46:10.042+09:00  INFO 11220 --- [api-graphql-test] [    Test worker] o.s.b.a.g.GraphQlAutoConfiguration       : GraphQL schema inspection:
	Unmapped fields: {Query=[findAllTests, findTestById], Mutation=[createTest]}
	Unmapped registrations: {}
	Skipped types: []
2024-04-24T14:46:10.057+09:00  INFO 11220 --- [api-graphql-test] [    Test worker] s.b.a.g.s.GraphQlWebMvcAutoConfiguration : GraphQL endpoint HTTP POST /graphql
2024-04-24T14:46:10.475+09:00  INFO 11220 --- [api-graphql-test] [    Test worker] g.k.a.w.s.GraphQLWebAutoConfiguration    : Enabling cors filter
2024-04-24T14:46:10.591+09:00  INFO 11220 --- [api-graphql-test] [    Test worker] c.d.s.SpringTestApplicationTests         : Started SpringTestApplicationTests in 2.621 seconds (process running for 3.745)
]]></system-out>
  <system-err><![CDATA[]]></system-err>
</testsuite>
